  [1m[35m (4.5ms)[0m  [1m[34mSELECT sqlite_version(*)[0m
  [1m[35m (1.7ms)[0m  [1m[35mCREATE TABLE "schema_migrations" ("version" varchar NOT NULL PRIMARY KEY)[0m
  [1m[35m (1.5ms)[0m  [1m[35mCREATE TABLE "ar_internal_metadata" ("key" varchar NOT NULL PRIMARY KEY, "value" varchar, "created_at" datetime(6) NOT NULL, "updated_at" datetime(6) NOT NULL)[0m
  [1m[35m (0.2ms)[0m  [1m[34mSELECT "schema_migrations"."version" FROM "schema_migrations" ORDER BY "schema_migrations"."version" ASC[0m
Migrating to CreateHeros (20200722023145)
  [1m[35m (0.1ms)[0m  [1m[36mbegin transaction[0m
  [1m[35m (0.5ms)[0m  [1m[35mCREATE TABLE "heros" ("id" integer PRIMARY KEY AUTOINCREMENT NOT NULL, "name" varchar, "super_name" varchar, "created_at" datetime(6) NOT NULL, "updated_at" datetime(6) NOT NULL)[0m
  [1m[36mprimary::SchemaMigration Create (0.4ms)[0m  [1m[32mINSERT INTO "schema_migrations" ("version") VALUES (?)[0m  [["version", "20200722023145"]]
  [1m[35m (2.9ms)[0m  [1m[36mcommit transaction[0m
Migrating to CreatePowers (20200722023239)
  [1m[35m (0.2ms)[0m  [1m[36mbegin transaction[0m
  [1m[35m (0.9ms)[0m  [1m[35mCREATE TABLE "powers" ("id" integer PRIMARY KEY AUTOINCREMENT NOT NULL, "name" varchar, "description" varchar, "created_at" datetime(6) NOT NULL, "updated_at" datetime(6) NOT NULL)[0m
  [1m[36mprimary::SchemaMigration Create (0.4ms)[0m  [1m[32mINSERT INTO "schema_migrations" ("version") VALUES (?)[0m  [["version", "20200722023239"]]
  [1m[35m (1.3ms)[0m  [1m[36mcommit transaction[0m
  [1m[36mActiveRecord::InternalMetadata Load (0.2ms)[0m  [1m[34mSELECT "ar_internal_metadata".* FROM "ar_internal_metadata" WHERE "ar_internal_metadata"."key" = ? LIMIT ?[0m  [["key", "environment"], ["LIMIT", 1]]
  [1m[35m (0.1ms)[0m  [1m[36mbegin transaction[0m
  [1m[36mActiveRecord::InternalMetadata Create (1.1ms)[0m  [1m[32mINSERT INTO "ar_internal_metadata" ("key", "value", "created_at", "updated_at") VALUES (?, ?, ?, ?)[0m  [["key", "environment"], ["value", "development"], ["created_at", "2020-07-22 02:39:51.523549"], ["updated_at", "2020-07-22 02:39:51.523549"]]
  [1m[35m (24.2ms)[0m  [1m[36mcommit transaction[0m
  [1m[35m (0.1ms)[0m  [1m[34mSELECT sqlite_version(*)[0m
  [1m[35m (0.1ms)[0m  [1m[34mSELECT "schema_migrations"."version" FROM "schema_migrations" ORDER BY "schema_migrations"."version" ASC[0m
  [1m[35m (1.8ms)[0m  [1m[34mSELECT sqlite_version(*)[0m
  [1m[35m (0.8ms)[0m  [1m[34mSELECT "schema_migrations"."version" FROM "schema_migrations" ORDER BY "schema_migrations"."version" ASC[0m
  [1m[35m (0.5ms)[0m  [1m[34mSELECT sqlite_version(*)[0m
  [1m[36mHero Load (0.6ms)[0m  [1m[34mSELECT "heros".* FROM "heros"[0m
  [1m[35m (0.1ms)[0m  [1m[36mbegin transaction[0m
  [1m[36mHero Create (1.3ms)[0m  [1m[32mINSERT INTO "heros" ("name", "super_name", "created_at", "updated_at") VALUES (?, ?, ?, ?)[0m  [["name", "Kent Clark"], ["super_name", "Superman"], ["created_at", "2020-07-22 02:40:19.818322"], ["updated_at", "2020-07-22 02:40:19.818322"]]
  [1m[35m (0.9ms)[0m  [1m[36mcommit transaction[0m
  [1m[35m (0.1ms)[0m  [1m[36mbegin transaction[0m
  [1m[36mHero Create (0.4ms)[0m  [1m[32mINSERT INTO "heros" ("name", "super_name", "created_at", "updated_at") VALUES (?, ?, ?, ?)[0m  [["name", "Gal Gadot"], ["super_name", "Wonder Woman"], ["created_at", "2020-07-22 02:40:19.827134"], ["updated_at", "2020-07-22 02:40:19.827134"]]
  [1m[35m (0.9ms)[0m  [1m[36mcommit transaction[0m
  [1m[35m (0.1ms)[0m  [1m[36mbegin transaction[0m
  [1m[36mHero Create (0.4ms)[0m  [1m[32mINSERT INTO "heros" ("name", "super_name", "created_at", "updated_at") VALUES (?, ?, ?, ?)[0m  [["name", "Bruce Wayne"], ["super_name", "Batman"], ["created_at", "2020-07-22 02:40:19.838484"], ["updated_at", "2020-07-22 02:40:19.838484"]]
  [1m[35m (1.8ms)[0m  [1m[36mcommit transaction[0m
  [1m[35m (0.1ms)[0m  [1m[36mbegin transaction[0m
  [1m[36mHero Create (0.4ms)[0m  [1m[32mINSERT INTO "heros" ("name", "super_name", "created_at", "updated_at") VALUES (?, ?, ?, ?)[0m  [["name", "Peter Parker"], ["super_name", "Spider-Man"], ["created_at", "2020-07-22 02:40:19.844673"], ["updated_at", "2020-07-22 02:40:19.844673"]]
  [1m[35m (0.8ms)[0m  [1m[36mcommit transaction[0m
Started GET "/" for ::1 at 2020-07-21 20:42:01 -0600
  [1m[35m (1.8ms)[0m  [1m[34mSELECT sqlite_version(*)[0m
  [1m[35m (0.9ms)[0m  [1m[34mSELECT "schema_migrations"."version" FROM "schema_migrations" ORDER BY "schema_migrations"."version" ASC[0m
Processing by Rails::WelcomeController#index as HTML
  Rendering /Users/TonyKim/.rvm/gems/ruby-2.6.1/gems/railties-6.0.3.2/lib/rails/templates/rails/welcome/index.html.erb
  Rendered /Users/TonyKim/.rvm/gems/ruby-2.6.1/gems/railties-6.0.3.2/lib/rails/templates/rails/welcome/index.html.erb (Duration: 45.7ms | Allocations: 481)
Completed 200 OK in 106ms (Views: 61.4ms | ActiveRecord: 0.0ms | Allocations: 2635)


Started GET "/heros" for ::1 at 2020-07-21 20:42:08 -0600
Processing by HerosController#index as HTML
  [1m[36mHero Load (46.3ms)[0m  [1m[34mSELECT "heros".* FROM "heros"[0m
  ↳ app/controllers/heros_controller.rb:4:in `index'
  [1m[36mPower Load (0.5ms)[0m  [1m[34mSELECT "powers".* FROM "powers" WHERE "powers"."hero_id" = ?[0m  [["hero_id", 1]]
  ↳ app/controllers/heros_controller.rb:4:in `index'
Completed 500 Internal Server Error in 356ms (ActiveRecord: 48.7ms | Allocations: 12923)


  
ActiveRecord::StatementInvalid (SQLite3::SQLException: no such column: powers.hero_id):
  
app/controllers/heros_controller.rb:4:in `index'
  [1m[35m (1.6ms)[0m  [1m[34mSELECT sqlite_version(*)[0m
  [1m[35m (0.8ms)[0m  [1m[34mSELECT "schema_migrations"."version" FROM "schema_migrations" ORDER BY "schema_migrations"."version" ASC[0m
  [1m[35m (0.2ms)[0m  [1m[34mSELECT "schema_migrations"."version" FROM "schema_migrations" ORDER BY "schema_migrations"."version" ASC[0m
  [1m[35m (0.2ms)[0m  [1m[34mSELECT "schema_migrations"."version" FROM "schema_migrations" ORDER BY "schema_migrations"."version" ASC[0m
  [1m[35m (0.1ms)[0m  [1m[34mSELECT "schema_migrations"."version" FROM "schema_migrations" ORDER BY "schema_migrations"."version" ASC[0m
Migrating to CreatePowers (20200722023239)
  [1m[35m (0.1ms)[0m  [1m[36mbegin transaction[0m
  [1m[35m (2.9ms)[0m  [1m[35mDROP TABLE "powers"[0m
  [1m[36mprimary::SchemaMigration Destroy (0.7ms)[0m  [1m[31mDELETE FROM "schema_migrations" WHERE "schema_migrations"."version" = ?[0m  [["version", "20200722023239"]]
  [1m[35m (1.0ms)[0m  [1m[36mcommit transaction[0m
  [1m[35m (0.1ms)[0m  [1m[34mSELECT sqlite_version(*)[0m
  [1m[35m (0.1ms)[0m  [1m[34mSELECT "schema_migrations"."version" FROM "schema_migrations" ORDER BY "schema_migrations"."version" ASC[0m
  [1m[35m (1.7ms)[0m  [1m[34mSELECT sqlite_version(*)[0m
  [1m[35m (0.6ms)[0m  [1m[34mSELECT "schema_migrations"."version" FROM "schema_migrations" ORDER BY "schema_migrations"."version" ASC[0m
Migrating to CreatePowers (20200722023239)
  [1m[35m (0.1ms)[0m  [1m[36mbegin transaction[0m
  [1m[35m (1.1ms)[0m  [1m[35mCREATE TABLE "powers" ("id" integer PRIMARY KEY AUTOINCREMENT NOT NULL, "name" varchar, "description" varchar, "created_at" datetime(6) NOT NULL, "updated_at" datetime(6) NOT NULL)[0m
  [1m[36mprimary::SchemaMigration Create (1.0ms)[0m  [1m[32mINSERT INTO "schema_migrations" ("version") VALUES (?)[0m  [["version", "20200722023239"]]
  [1m[35m (2.6ms)[0m  [1m[36mcommit transaction[0m
  [1m[36mActiveRecord::InternalMetadata Load (0.8ms)[0m  [1m[34mSELECT "ar_internal_metadata".* FROM "ar_internal_metadata" WHERE "ar_internal_metadata"."key" = ? LIMIT ?[0m  [["key", "environment"], ["LIMIT", 1]]
  [1m[35m (0.1ms)[0m  [1m[34mSELECT sqlite_version(*)[0m
  [1m[35m (0.2ms)[0m  [1m[34mSELECT "schema_migrations"."version" FROM "schema_migrations" ORDER BY "schema_migrations"."version" ASC[0m
  [1m[35m (1.6ms)[0m  [1m[34mSELECT sqlite_version(*)[0m
  [1m[35m (0.7ms)[0m  [1m[34mSELECT "schema_migrations"."version" FROM "schema_migrations" ORDER BY "schema_migrations"."version" ASC[0m
Migrating to AddRelationship (20200722024630)
  [1m[35m (0.1ms)[0m  [1m[36mbegin transaction[0m
  [1m[35m (0.8ms)[0m  [1m[35mALTER TABLE "powers" ADD "hero_id" integer[0m
  [1m[36mprimary::SchemaMigration Create (0.7ms)[0m  [1m[32mINSERT INTO "schema_migrations" ("version") VALUES (?)[0m  [["version", "20200722024630"]]
  [1m[35m (1.0ms)[0m  [1m[36mcommit transaction[0m
  [1m[36mActiveRecord::InternalMetadata Load (0.7ms)[0m  [1m[34mSELECT "ar_internal_metadata".* FROM "ar_internal_metadata" WHERE "ar_internal_metadata"."key" = ? LIMIT ?[0m  [["key", "environment"], ["LIMIT", 1]]
  [1m[35m (0.1ms)[0m  [1m[34mSELECT sqlite_version(*)[0m
  [1m[35m (0.1ms)[0m  [1m[34mSELECT "schema_migrations"."version" FROM "schema_migrations" ORDER BY "schema_migrations"."version" ASC[0m
  [1m[35m (1.8ms)[0m  [1m[34mSELECT sqlite_version(*)[0m
  [1m[35m (0.7ms)[0m  [1m[34mSELECT "schema_migrations"."version" FROM "schema_migrations" ORDER BY "schema_migrations"."version" ASC[0m
  [1m[35m (0.2ms)[0m  [1m[34mSELECT "schema_migrations"."version" FROM "schema_migrations" ORDER BY "schema_migrations"."version" ASC[0m
  [1m[35m (0.1ms)[0m  [1m[34mSELECT "schema_migrations"."version" FROM "schema_migrations" ORDER BY "schema_migrations"."version" ASC[0m
  [1m[35m (0.1ms)[0m  [1m[34mSELECT "schema_migrations"."version" FROM "schema_migrations" ORDER BY "schema_migrations"."version" ASC[0m
Migrating to AddRelationship (20200722024630)
  [1m[35m (0.1ms)[0m  [1m[36mbegin transaction[0m
  [1m[35m (0.1ms)[0m  [1m[35mPRAGMA foreign_keys[0m
  [1m[35m (0.2ms)[0m  [1m[35mPRAGMA defer_foreign_keys[0m
  [1m[35m (2.2ms)[0m  [1m[35mPRAGMA defer_foreign_keys = ON[0m
  [1m[35m (0.1ms)[0m  [1m[35mPRAGMA foreign_keys = OFF[0m
  [1m[35m (0.3ms)[0m  [1m[35mCREATE TEMPORARY TABLE "apowers" ("id" integer NOT NULL PRIMARY KEY, "name" varchar DEFAULT NULL, "description" varchar DEFAULT NULL, "created_at" datetime(6) NOT NULL, "updated_at" datetime(6) NOT NULL, "hero_id" integer DEFAULT NULL)[0m
  [1m[35m (0.6ms)[0m  [1m[32mINSERT INTO "apowers" ("id","name","description","created_at","updated_at","hero_id")
                     SELECT "id","name","description","created_at","updated_at","hero_id" FROM "powers"[0m
  [1m[35m (0.8ms)[0m  [1m[35mDROP TABLE "powers"[0m
  [1m[35m (0.2ms)[0m  [1m[35mCREATE TABLE "powers" ("id" integer NOT NULL PRIMARY KEY, "name" varchar DEFAULT NULL, "description" varchar DEFAULT NULL, "created_at" datetime(6) NOT NULL, "updated_at" datetime(6) NOT NULL)[0m
  [1m[35m (0.1ms)[0m  [1m[32mINSERT INTO "powers" ("id","name","description","created_at","updated_at")
                     SELECT "id","name","description","created_at","updated_at" FROM "apowers"[0m
  [1m[35m (0.2ms)[0m  [1m[35mDROP TABLE "apowers"[0m
  [1m[35m (0.1ms)[0m  [1m[35mPRAGMA defer_foreign_keys = 0[0m
  [1m[35m (0.1ms)[0m  [1m[35mPRAGMA foreign_keys = 1[0m
  [1m[36mprimary::SchemaMigration Destroy (0.5ms)[0m  [1m[31mDELETE FROM "schema_migrations" WHERE "schema_migrations"."version" = ?[0m  [["version", "20200722024630"]]
  [1m[35m (0.9ms)[0m  [1m[36mcommit transaction[0m
  [1m[35m (0.1ms)[0m  [1m[34mSELECT sqlite_version(*)[0m
  [1m[35m (0.2ms)[0m  [1m[34mSELECT "schema_migrations"."version" FROM "schema_migrations" ORDER BY "schema_migrations"."version" ASC[0m
  [1m[35m (1.8ms)[0m  [1m[34mSELECT sqlite_version(*)[0m
  [1m[35m (0.3ms)[0m  [1m[34mSELECT "schema_migrations"."version" FROM "schema_migrations" ORDER BY "schema_migrations"."version" ASC[0m
Migrating to AddRelationship (20200722024630)
  [1m[35m (0.1ms)[0m  [1m[36mbegin transaction[0m
  [1m[35m (0.8ms)[0m  [1m[35mALTER TABLE "powers" ADD "hero_id" integer[0m
  [1m[36mprimary::SchemaMigration Create (0.4ms)[0m  [1m[32mINSERT INTO "schema_migrations" ("version") VALUES (?)[0m  [["version", "20200722024630"]]
  [1m[35m (0.9ms)[0m  [1m[36mcommit transaction[0m
  [1m[36mActiveRecord::InternalMetadata Load (0.7ms)[0m  [1m[34mSELECT "ar_internal_metadata".* FROM "ar_internal_metadata" WHERE "ar_internal_metadata"."key" = ? LIMIT ?[0m  [["key", "environment"], ["LIMIT", 1]]
  [1m[35m (0.1ms)[0m  [1m[34mSELECT sqlite_version(*)[0m
  [1m[35m (0.3ms)[0m  [1m[34mSELECT "schema_migrations"."version" FROM "schema_migrations" ORDER BY "schema_migrations"."version" ASC[0m
  [1m[35m (0.6ms)[0m  [1m[34mSELECT sqlite_version(*)[0m
  [1m[35m (2.2ms)[0m  [1m[34mSELECT "schema_migrations"."version" FROM "schema_migrations" ORDER BY "schema_migrations"."version" ASC[0m
  [1m[35m (0.1ms)[0m  [1m[34mSELECT "schema_migrations"."version" FROM "schema_migrations" ORDER BY "schema_migrations"."version" ASC[0m
  [1m[35m (0.1ms)[0m  [1m[34mSELECT "schema_migrations"."version" FROM "schema_migrations" ORDER BY "schema_migrations"."version" ASC[0m
  [1m[35m (0.1ms)[0m  [1m[34mSELECT "schema_migrations"."version" FROM "schema_migrations" ORDER BY "schema_migrations"."version" ASC[0m
Migrating to AddRelationship (20200722024630)
  [1m[35m (0.1ms)[0m  [1m[36mbegin transaction[0m
  [1m[35m (0.1ms)[0m  [1m[35mPRAGMA foreign_keys[0m
  [1m[35m (0.1ms)[0m  [1m[35mPRAGMA defer_foreign_keys[0m
  [1m[35m (0.1ms)[0m  [1m[35mPRAGMA defer_foreign_keys = ON[0m
  [1m[35m (0.1ms)[0m  [1m[35mPRAGMA foreign_keys = OFF[0m
  [1m[35m (0.3ms)[0m  [1m[35mCREATE TEMPORARY TABLE "apowers" ("id" integer NOT NULL PRIMARY KEY, "name" varchar DEFAULT NULL, "description" varchar DEFAULT NULL, "created_at" datetime(6) NOT NULL, "updated_at" datetime(6) NOT NULL, "hero_id" integer DEFAULT NULL)[0m
  [1m[35m (0.1ms)[0m  [1m[32mINSERT INTO "apowers" ("id","name","description","created_at","updated_at","hero_id")
                     SELECT "id","name","description","created_at","updated_at","hero_id" FROM "powers"[0m
  [1m[35m (0.6ms)[0m  [1m[35mDROP TABLE "powers"[0m
  [1m[35m (0.3ms)[0m  [1m[35mCREATE TABLE "powers" ("id" integer NOT NULL PRIMARY KEY, "name" varchar DEFAULT NULL, "description" varchar DEFAULT NULL, "created_at" datetime(6) NOT NULL, "updated_at" datetime(6) NOT NULL)[0m
  [1m[35m (0.1ms)[0m  [1m[32mINSERT INTO "powers" ("id","name","description","created_at","updated_at")
                     SELECT "id","name","description","created_at","updated_at" FROM "apowers"[0m
  [1m[35m (0.3ms)[0m  [1m[35mDROP TABLE "apowers"[0m
  [1m[35m (0.1ms)[0m  [1m[35mPRAGMA defer_foreign_keys = 0[0m
  [1m[35m (0.1ms)[0m  [1m[35mPRAGMA foreign_keys = 1[0m
  [1m[36mprimary::SchemaMigration Destroy (0.3ms)[0m  [1m[31mDELETE FROM "schema_migrations" WHERE "schema_migrations"."version" = ?[0m  [["version", "20200722024630"]]
  [1m[35m (1.6ms)[0m  [1m[36mcommit transaction[0m
  [1m[35m (0.1ms)[0m  [1m[34mSELECT sqlite_version(*)[0m
  [1m[35m (0.1ms)[0m  [1m[34mSELECT "schema_migrations"."version" FROM "schema_migrations" ORDER BY "schema_migrations"."version" ASC[0m
  [1m[35m (0.6ms)[0m  [1m[34mSELECT sqlite_version(*)[0m
  [1m[35m (0.3ms)[0m  [1m[34mSELECT "schema_migrations"."version" FROM "schema_migrations" ORDER BY "schema_migrations"."version" ASC[0m
  [1m[35m (0.2ms)[0m  [1m[34mSELECT "schema_migrations"."version" FROM "schema_migrations" ORDER BY "schema_migrations"."version" ASC[0m
  [1m[35m (0.1ms)[0m  [1m[34mSELECT "schema_migrations"."version" FROM "schema_migrations" ORDER BY "schema_migrations"."version" ASC[0m
  [1m[35m (0.1ms)[0m  [1m[34mSELECT "schema_migrations"."version" FROM "schema_migrations" ORDER BY "schema_migrations"."version" ASC[0m
Migrating to CreatePowers (20200722023239)
  [1m[35m (0.1ms)[0m  [1m[36mbegin transaction[0m
  [1m[35m (0.7ms)[0m  [1m[35mDROP TABLE "powers"[0m
  [1m[36mprimary::SchemaMigration Destroy (0.3ms)[0m  [1m[31mDELETE FROM "schema_migrations" WHERE "schema_migrations"."version" = ?[0m  [["version", "20200722023239"]]
  [1m[35m (1.0ms)[0m  [1m[36mcommit transaction[0m
  [1m[35m (0.2ms)[0m  [1m[34mSELECT sqlite_version(*)[0m
  [1m[35m (0.1ms)[0m  [1m[34mSELECT "schema_migrations"."version" FROM "schema_migrations" ORDER BY "schema_migrations"."version" ASC[0m
  [1m[35m (2.8ms)[0m  [1m[34mSELECT sqlite_version(*)[0m
  [1m[35m (0.6ms)[0m  [1m[34mSELECT "schema_migrations"."version" FROM "schema_migrations" ORDER BY "schema_migrations"."version" ASC[0m
Migrating to CreatePowers (20200722025236)
  [1m[35m (0.1ms)[0m  [1m[36mbegin transaction[0m
  [1m[35m (1.1ms)[0m  [1m[35mCREATE TABLE "powers" ("id" integer PRIMARY KEY AUTOINCREMENT NOT NULL, "name" varchar, "description" varchar, "hero_id" integer NOT NULL, "created_at" datetime(6) NOT NULL, "updated_at" datetime(6) NOT NULL, CONSTRAINT "fk_rails_3e1e5c5219"
FOREIGN KEY ("hero_id")
  REFERENCES "heros" ("id")
)[0m
  [1m[35m (0.2ms)[0m  [1m[35mCREATE  INDEX "index_powers_on_hero_id" ON "powers" ("hero_id")[0m
  [1m[36mprimary::SchemaMigration Create (0.5ms)[0m  [1m[32mINSERT INTO "schema_migrations" ("version") VALUES (?)[0m  [["version", "20200722025236"]]
  [1m[35m (2.6ms)[0m  [1m[36mcommit transaction[0m
  [1m[36mActiveRecord::InternalMetadata Load (0.7ms)[0m  [1m[34mSELECT "ar_internal_metadata".* FROM "ar_internal_metadata" WHERE "ar_internal_metadata"."key" = ? LIMIT ?[0m  [["key", "environment"], ["LIMIT", 1]]
  [1m[35m (0.1ms)[0m  [1m[34mSELECT sqlite_version(*)[0m
  [1m[35m (0.2ms)[0m  [1m[34mSELECT "schema_migrations"."version" FROM "schema_migrations" ORDER BY "schema_migrations"."version" ASC[0m
  [1m[35m (1.2ms)[0m  [1m[34mSELECT sqlite_version(*)[0m
  [1m[35m (0.2ms)[0m  [1m[34mSELECT "schema_migrations"."version" FROM "schema_migrations" ORDER BY "schema_migrations"."version" ASC[0m
  [1m[35m (0.2ms)[0m  [1m[34mSELECT sqlite_version(*)[0m
  [1m[36mHero Load (4.0ms)[0m  [1m[34mSELECT "heros".* FROM "heros"[0m
  [1m[35m (0.1ms)[0m  [1m[36mbegin transaction[0m
  [1m[36mHero Destroy (1.0ms)[0m  [1m[31mDELETE FROM "heros" WHERE "heros"."id" = ?[0m  [["id", 1]]
  [1m[35m (2.6ms)[0m  [1m[36mcommit transaction[0m
  [1m[35m (0.1ms)[0m  [1m[36mbegin transaction[0m
  [1m[36mHero Destroy (0.4ms)[0m  [1m[31mDELETE FROM "heros" WHERE "heros"."id" = ?[0m  [["id", 2]]
  [1m[35m (1.0ms)[0m  [1m[36mcommit transaction[0m
  [1m[35m (0.1ms)[0m  [1m[36mbegin transaction[0m
  [1m[36mHero Destroy (0.4ms)[0m  [1m[31mDELETE FROM "heros" WHERE "heros"."id" = ?[0m  [["id", 3]]
  [1m[35m (0.9ms)[0m  [1m[36mcommit transaction[0m
  [1m[35m (0.1ms)[0m  [1m[36mbegin transaction[0m
  [1m[36mHero Destroy (1.7ms)[0m  [1m[31mDELETE FROM "heros" WHERE "heros"."id" = ?[0m  [["id", 4]]
  [1m[35m (1.4ms)[0m  [1m[36mcommit transaction[0m
  [1m[35m (0.1ms)[0m  [1m[36mbegin transaction[0m
  [1m[36mHero Create (25.8ms)[0m  [1m[32mINSERT INTO "heros" ("name", "super_name", "created_at", "updated_at") VALUES (?, ?, ?, ?)[0m  [["name", "Kent Clark"], ["super_name", "Superman"], ["created_at", "2020-07-22 02:54:38.166839"], ["updated_at", "2020-07-22 02:54:38.166839"]]
  [1m[35m (32.0ms)[0m  [1m[36mcommit transaction[0m
  [1m[35m (0.1ms)[0m  [1m[36mbegin transaction[0m
  [1m[36mHero Create (0.6ms)[0m  [1m[32mINSERT INTO "heros" ("name", "super_name", "created_at", "updated_at") VALUES (?, ?, ?, ?)[0m  [["name", "Gal Gadot"], ["super_name", "Wonder Woman"], ["created_at", "2020-07-22 02:54:38.234578"], ["updated_at", "2020-07-22 02:54:38.234578"]]
  [1m[35m (1.9ms)[0m  [1m[36mcommit transaction[0m
  [1m[35m (0.1ms)[0m  [1m[36mbegin transaction[0m
  [1m[36mHero Create (0.5ms)[0m  [1m[32mINSERT INTO "heros" ("name", "super_name", "created_at", "updated_at") VALUES (?, ?, ?, ?)[0m  [["name", "Bruce Wayne"], ["super_name", "Batman"], ["created_at", "2020-07-22 02:54:38.242288"], ["updated_at", "2020-07-22 02:54:38.242288"]]
  [1m[35m (35.3ms)[0m  [1m[36mcommit transaction[0m
  [1m[35m (0.1ms)[0m  [1m[36mbegin transaction[0m
  [1m[36mHero Create (0.7ms)[0m  [1m[32mINSERT INTO "heros" ("name", "super_name", "created_at", "updated_at") VALUES (?, ?, ?, ?)[0m  [["name", "Peter Parker"], ["super_name", "Spider-Man"], ["created_at", "2020-07-22 02:54:38.282695"], ["updated_at", "2020-07-22 02:54:38.282695"]]
  [1m[35m (2.1ms)[0m  [1m[36mcommit transaction[0m
Started GET "/heros" for ::1 at 2020-07-21 20:54:52 -0600
  [1m[35m (2.6ms)[0m  [1m[34mSELECT sqlite_version(*)[0m
  [1m[35m (0.5ms)[0m  [1m[34mSELECT "schema_migrations"."version" FROM "schema_migrations" ORDER BY "schema_migrations"."version" ASC[0m
Processing by HerosController#index as HTML
  [1m[36mHero Load (0.6ms)[0m  [1m[34mSELECT "heros".* FROM "heros"[0m
  ↳ app/controllers/heros_controller.rb:4:in `index'
  [1m[36mPower Load (0.5ms)[0m  [1m[34mSELECT "powers".* FROM "powers" WHERE "powers"."hero_id" = ?[0m  [["hero_id", 5]]
  ↳ app/controllers/heros_controller.rb:4:in `index'
  [1m[36mPower Load (0.2ms)[0m  [1m[34mSELECT "powers".* FROM "powers" WHERE "powers"."hero_id" = ?[0m  [["hero_id", 6]]
  ↳ app/controllers/heros_controller.rb:4:in `index'
  [1m[36mPower Load (0.3ms)[0m  [1m[34mSELECT "powers".* FROM "powers" WHERE "powers"."hero_id" = ?[0m  [["hero_id", 7]]
  ↳ app/controllers/heros_controller.rb:4:in `index'
  [1m[36mPower Load (0.2ms)[0m  [1m[34mSELECT "powers".* FROM "powers" WHERE "powers"."hero_id" = ?[0m  [["hero_id", 8]]
  ↳ app/controllers/heros_controller.rb:4:in `index'
Completed 200 OK in 52ms (Views: 44.0ms | ActiveRecord: 3.0ms | Allocations: 13118)


Started GET "/heros" for ::1 at 2020-07-21 20:58:01 -0600
Processing by HerosController#index as */*
  [1m[36mHero Load (2.0ms)[0m  [1m[34mSELECT "heros".* FROM "heros"[0m
  ↳ app/controllers/heros_controller.rb:4:in `index'
  [1m[36mPower Load (0.2ms)[0m  [1m[34mSELECT "powers".* FROM "powers" WHERE "powers"."hero_id" = ?[0m  [["hero_id", 5]]
  ↳ app/controllers/heros_controller.rb:4:in `index'
  [1m[36mPower Load (0.2ms)[0m  [1m[34mSELECT "powers".* FROM "powers" WHERE "powers"."hero_id" = ?[0m  [["hero_id", 6]]
  ↳ app/controllers/heros_controller.rb:4:in `index'
  [1m[36mPower Load (0.3ms)[0m  [1m[34mSELECT "powers".* FROM "powers" WHERE "powers"."hero_id" = ?[0m  [["hero_id", 7]]
  ↳ app/controllers/heros_controller.rb:4:in `index'
  [1m[36mPower Load (0.2ms)[0m  [1m[34mSELECT "powers".* FROM "powers" WHERE "powers"."hero_id" = ?[0m  [["hero_id", 8]]
  ↳ app/controllers/heros_controller.rb:4:in `index'
Completed 200 OK in 86ms (Views: 79.2ms | ActiveRecord: 2.9ms | Allocations: 5184)


Started GET "/heros" for ::1 at 2020-07-21 20:59:23 -0600
  [1m[35m (5.2ms)[0m  [1m[34mSELECT sqlite_version(*)[0m
  [1m[35m (0.6ms)[0m  [1m[34mSELECT "schema_migrations"."version" FROM "schema_migrations" ORDER BY "schema_migrations"."version" ASC[0m
Processing by HerosController#index as */*
  [1m[36mHero Load (0.7ms)[0m  [1m[34mSELECT "heros".* FROM "heros"[0m
  ↳ app/controllers/heros_controller.rb:4:in `index'
  [1m[36mPower Load (0.6ms)[0m  [1m[34mSELECT "powers".* FROM "powers" WHERE "powers"."hero_id" = ?[0m  [["hero_id", 5]]
  ↳ app/controllers/heros_controller.rb:4:in `index'
  [1m[36mPower Load (0.4ms)[0m  [1m[34mSELECT "powers".* FROM "powers" WHERE "powers"."hero_id" = ?[0m  [["hero_id", 6]]
  ↳ app/controllers/heros_controller.rb:4:in `index'
  [1m[36mPower Load (0.2ms)[0m  [1m[34mSELECT "powers".* FROM "powers" WHERE "powers"."hero_id" = ?[0m  [["hero_id", 7]]
  ↳ app/controllers/heros_controller.rb:4:in `index'
  [1m[36mPower Load (0.3ms)[0m  [1m[34mSELECT "powers".* FROM "powers" WHERE "powers"."hero_id" = ?[0m  [["hero_id", 8]]
  ↳ app/controllers/heros_controller.rb:4:in `index'
Completed 200 OK in 114ms (Views: 73.3ms | ActiveRecord: 3.7ms | Allocations: 13078)


Started GET "/heros" for ::1 at 2020-07-21 21:00:02 -0600
Processing by HerosController#index as */*
  Parameters: {"name"=>"sodifjosidjfoij", "age"=>"26", "hero"=>{"name"=>"sodifjosidjfoij"}}
  [1m[36mHero Load (1.3ms)[0m  [1m[34mSELECT "heros".* FROM "heros"[0m
  ↳ app/controllers/heros_controller.rb:4:in `index'
  [1m[36mPower Load (2.0ms)[0m  [1m[34mSELECT "powers".* FROM "powers" WHERE "powers"."hero_id" = ?[0m  [["hero_id", 5]]
  ↳ app/controllers/heros_controller.rb:4:in `index'
  [1m[36mPower Load (0.4ms)[0m  [1m[34mSELECT "powers".* FROM "powers" WHERE "powers"."hero_id" = ?[0m  [["hero_id", 6]]
  ↳ app/controllers/heros_controller.rb:4:in `index'
  [1m[36mPower Load (0.2ms)[0m  [1m[34mSELECT "powers".* FROM "powers" WHERE "powers"."hero_id" = ?[0m  [["hero_id", 7]]
  ↳ app/controllers/heros_controller.rb:4:in `index'
  [1m[36mPower Load (0.2ms)[0m  [1m[34mSELECT "powers".* FROM "powers" WHERE "powers"."hero_id" = ?[0m  [["hero_id", 8]]
  ↳ app/controllers/heros_controller.rb:4:in `index'
Completed 200 OK in 53ms (Views: 45.4ms | ActiveRecord: 4.1ms | Allocations: 5182)


Started GET "/heros" for ::1 at 2020-07-21 21:05:22 -0600
Processing by HerosController#index as */*
  [1m[36mHero Load (6.8ms)[0m  [1m[34mSELECT "heros".* FROM "heros"[0m
  ↳ app/controllers/heros_controller.rb:4:in `index'
  [1m[36mPower Load (0.3ms)[0m  [1m[34mSELECT "powers".* FROM "powers" WHERE "powers"."hero_id" = ?[0m  [["hero_id", 5]]
  ↳ app/controllers/heros_controller.rb:4:in `index'
  [1m[36mPower Load (8.7ms)[0m  [1m[34mSELECT "powers".* FROM "powers" WHERE "powers"."hero_id" = ?[0m  [["hero_id", 6]]
  ↳ app/controllers/heros_controller.rb:4:in `index'
  [1m[36mPower Load (0.3ms)[0m  [1m[34mSELECT "powers".* FROM "powers" WHERE "powers"."hero_id" = ?[0m  [["hero_id", 7]]
  ↳ app/controllers/heros_controller.rb:4:in `index'
  [1m[36mPower Load (1.8ms)[0m  [1m[34mSELECT "powers".* FROM "powers" WHERE "powers"."hero_id" = ?[0m  [["hero_id", 8]]
  ↳ app/controllers/heros_controller.rb:4:in `index'
Completed 200 OK in 214ms (Views: 191.8ms | ActiveRecord: 17.9ms | Allocations: 5186)


Started GET "/heros" for ::1 at 2020-07-21 21:13:33 -0600
  [1m[35m (0.4ms)[0m  [1m[34mSELECT sqlite_version(*)[0m
Processing by HerosController#index as */*
  [1m[36mHero Load (18.1ms)[0m  [1m[34mSELECT "heros".* FROM "heros"[0m
  ↳ app/controllers/heros_controller.rb:4:in `index'
  [1m[36mPower Load (1.8ms)[0m  [1m[34mSELECT "powers".* FROM "powers" WHERE "powers"."hero_id" = ?[0m  [["hero_id", 5]]
  ↳ app/controllers/heros_controller.rb:4:in `index'
  [1m[36mPower Load (0.2ms)[0m  [1m[34mSELECT "powers".* FROM "powers" WHERE "powers"."hero_id" = ?[0m  [["hero_id", 6]]
  ↳ app/controllers/heros_controller.rb:4:in `index'
  [1m[36mPower Load (0.2ms)[0m  [1m[34mSELECT "powers".* FROM "powers" WHERE "powers"."hero_id" = ?[0m  [["hero_id", 7]]
  ↳ app/controllers/heros_controller.rb:4:in `index'
  [1m[36mPower Load (0.4ms)[0m  [1m[34mSELECT "powers".* FROM "powers" WHERE "powers"."hero_id" = ?[0m  [["hero_id", 8]]
  ↳ app/controllers/heros_controller.rb:4:in `index'
Completed 200 OK in 111ms (Views: 75.7ms | ActiveRecord: 20.7ms | Allocations: 5200)


Started GET "/heros" for ::1 at 2020-07-21 21:17:33 -0600
  [1m[35m (2.6ms)[0m  [1m[34mSELECT sqlite_version(*)[0m
  [1m[35m (34.4ms)[0m  [1m[34mSELECT "schema_migrations"."version" FROM "schema_migrations" ORDER BY "schema_migrations"."version" ASC[0m
Processing by HerosController#index as */*
  [1m[36mHero Load (0.8ms)[0m  [1m[34mSELECT "heros".* FROM "heros"[0m
  ↳ app/controllers/heros_controller.rb:4:in `index'
  [1m[36mPower Load (0.6ms)[0m  [1m[34mSELECT "powers".* FROM "powers" WHERE "powers"."hero_id" = ?[0m  [["hero_id", 5]]
  ↳ app/controllers/heros_controller.rb:4:in `index'
  [1m[36mPower Load (0.1ms)[0m  [1m[34mSELECT "powers".* FROM "powers" WHERE "powers"."hero_id" = ?[0m  [["hero_id", 6]]
  ↳ app/controllers/heros_controller.rb:4:in `index'
  [1m[36mPower Load (0.2ms)[0m  [1m[34mSELECT "powers".* FROM "powers" WHERE "powers"."hero_id" = ?[0m  [["hero_id", 7]]
  ↳ app/controllers/heros_controller.rb:4:in `index'
  [1m[36mPower Load (0.1ms)[0m  [1m[34mSELECT "powers".* FROM "powers" WHERE "powers"."hero_id" = ?[0m  [["hero_id", 8]]
  ↳ app/controllers/heros_controller.rb:4:in `index'
Completed 200 OK in 53ms (Views: 42.1ms | ActiveRecord: 3.6ms | Allocations: 13075)


Started POST "/heros" for ::1 at 2020-07-21 21:18:16 -0600
Started POST "/heros" for ::1 at 2020-07-21 21:18:16 -0600
  [1m[35m (0.4ms)[0m  [1m[34mSELECT sqlite_version(*)[0m
Processing by HerosController#create as HTML
  Parameters: {"name"=>"Spencer Austin ", "super_name"=>"Speedy"}
Processing by HerosController#create as HTML
  Parameters: {"name"=>"Spencer Austin ", "super_name"=>"Speedy"}
  [1m[35m (1.2ms)[0m  [1m[36mbegin transaction[0m
  [1m[35m (0.1ms)[0m  [1m[36mbegin transaction[0m
  ↳ app/controllers/heros_controller.rb:13:in `create'
  [1m[36mHero Create (7.3ms)[0m  [1m[32mINSERT INTO "heros" ("name", "super_name", "created_at", "updated_at") VALUES (?, ?, ?, ?)[0m  [["name", "Spencer Austin "], ["super_name", "Speedy"], ["created_at", "2020-07-22 03:18:16.915321"], ["updated_at", "2020-07-22 03:18:16.915321"]]
  ↳ app/controllers/heros_controller.rb:13:in `create'
  ↳ app/controllers/heros_controller.rb:13:in `create'
  [1m[36mHero Create (5197.1ms)[0m  [1m[32mINSERT INTO "heros" ("name", "super_name", "created_at", "updated_at") VALUES (?, ?, ?, ?)[0m  [["name", "Spencer Austin "], ["super_name", "Speedy"], ["created_at", "2020-07-22 03:18:16.900354"], ["updated_at", "2020-07-22 03:18:16.900354"]]
  [1m[35m (115.4ms)[0m  [1m[36mcommit transaction[0m
  ↳ app/controllers/heros_controller.rb:13:in `create'
  ↳ app/controllers/heros_controller.rb:13:in `create'
  [1m[35m (0.1ms)[0m  [1m[31mrollback transaction[0m
Redirected to http://localhost:3001
  ↳ app/controllers/heros_controller.rb:13:in `create'
Completed 302 Found in 5443ms (ActiveRecord: 122.8ms | Allocations: 7303)


Completed 500 Internal Server Error in 5479ms (ActiveRecord: 5198.4ms | Allocations: 7917)


  
ActiveRecord::StatementInvalid (SQLite3::BusyException: database is locked):
  
app/controllers/heros_controller.rb:13:in `create'
Started GET "/heros" for ::1 at 2020-07-21 21:18:23 -0600
Processing by HerosController#index as */*
  [1m[36mHero Load (2.4ms)[0m  [1m[34mSELECT "heros".* FROM "heros"[0m
  ↳ app/controllers/heros_controller.rb:4:in `index'
  [1m[36mPower Load (1.3ms)[0m  [1m[34mSELECT "powers".* FROM "powers" WHERE "powers"."hero_id" = ?[0m  [["hero_id", 5]]
  ↳ app/controllers/heros_controller.rb:4:in `index'
  [1m[36mPower Load (0.2ms)[0m  [1m[34mSELECT "powers".* FROM "powers" WHERE "powers"."hero_id" = ?[0m  [["hero_id", 6]]
  ↳ app/controllers/heros_controller.rb:4:in `index'
  [1m[36mPower Load (0.2ms)[0m  [1m[34mSELECT "powers".* FROM "powers" WHERE "powers"."hero_id" = ?[0m  [["hero_id", 7]]
  ↳ app/controllers/heros_controller.rb:4:in `index'
  [1m[36mPower Load (0.2ms)[0m  [1m[34mSELECT "powers".* FROM "powers" WHERE "powers"."hero_id" = ?[0m  [["hero_id", 8]]
  ↳ app/controllers/heros_controller.rb:4:in `index'
  [1m[36mPower Load (0.3ms)[0m  [1m[34mSELECT "powers".* FROM "powers" WHERE "powers"."hero_id" = ?[0m  [["hero_id", 9]]
  ↳ app/controllers/heros_controller.rb:4:in `index'
Completed 200 OK in 411ms (Views: 403.8ms | ActiveRecord: 4.6ms | Allocations: 45859)


Started POST "/heros" for ::1 at 2020-07-21 21:19:06 -0600
Processing by HerosController#create as HTML
  Parameters: {"name"=>"Tony Kim", "super_name"=>"Birdman"}
  [1m[35m (1.9ms)[0m  [1m[36mbegin transaction[0m
  ↳ app/controllers/heros_controller.rb:13:in `create'
  [1m[36mHero Create (2.0ms)[0m  [1m[32mINSERT INTO "heros" ("name", "super_name", "created_at", "updated_at") VALUES (?, ?, ?, ?)[0m  [["name", "Tony Kim"], ["super_name", "Birdman"], ["created_at", "2020-07-22 03:19:06.792947"], ["updated_at", "2020-07-22 03:19:06.792947"]]
  ↳ app/controllers/heros_controller.rb:13:in `create'
  [1m[35m (5.1ms)[0m  [1m[36mcommit transaction[0m
  ↳ app/controllers/heros_controller.rb:13:in `create'
Redirected to http://localhost:3001
Completed 302 Found in 66ms (ActiveRecord: 9.1ms | Allocations: 2312)


Started GET "/heros" for ::1 at 2020-07-21 21:19:07 -0600
Processing by HerosController#index as */*
  [1m[36mHero Load (0.4ms)[0m  [1m[34mSELECT "heros".* FROM "heros"[0m
  ↳ app/controllers/heros_controller.rb:4:in `index'
  [1m[36mPower Load (1.1ms)[0m  [1m[34mSELECT "powers".* FROM "powers" WHERE "powers"."hero_id" = ?[0m  [["hero_id", 5]]
  ↳ app/controllers/heros_controller.rb:4:in `index'
  [1m[36mPower Load (0.2ms)[0m  [1m[34mSELECT "powers".* FROM "powers" WHERE "powers"."hero_id" = ?[0m  [["hero_id", 6]]
  ↳ app/controllers/heros_controller.rb:4:in `index'
  [1m[36mPower Load (0.2ms)[0m  [1m[34mSELECT "powers".* FROM "powers" WHERE "powers"."hero_id" = ?[0m  [["hero_id", 7]]
  ↳ app/controllers/heros_controller.rb:4:in `index'
  [1m[36mPower Load (0.4ms)[0m  [1m[34mSELECT "powers".* FROM "powers" WHERE "powers"."hero_id" = ?[0m  [["hero_id", 8]]
  ↳ app/controllers/heros_controller.rb:4:in `index'
  [1m[36mPower Load (0.2ms)[0m  [1m[34mSELECT "powers".* FROM "powers" WHERE "powers"."hero_id" = ?[0m  [["hero_id", 9]]
  ↳ app/controllers/heros_controller.rb:4:in `index'
  [1m[36mPower Load (0.2ms)[0m  [1m[34mSELECT "powers".* FROM "powers" WHERE "powers"."hero_id" = ?[0m  [["hero_id", 10]]
  ↳ app/controllers/heros_controller.rb:4:in `index'
Completed 200 OK in 45ms (Views: 41.0ms | ActiveRecord: 2.8ms | Allocations: 7354)


  [1m[35m (3.2ms)[0m  [1m[34mSELECT sqlite_version(*)[0m
  [1m[35m (0.6ms)[0m  [1m[34mSELECT "schema_migrations"."version" FROM "schema_migrations" ORDER BY "schema_migrations"."version" ASC[0m
  [1m[35m (0.1ms)[0m  [1m[34mSELECT sqlite_version(*)[0m
  [1m[36mPower Load (0.5ms)[0m  [1m[34mSELECT "powers".* FROM "powers"[0m
  [1m[36mHero Load (0.7ms)[0m  [1m[34mSELECT "heros".* FROM "heros"[0m
  [1m[35m (0.1ms)[0m  [1m[36mbegin transaction[0m
  [1m[36mHero Destroy (1.0ms)[0m  [1m[31mDELETE FROM "heros" WHERE "heros"."id" = ?[0m  [["id", 5]]
  [1m[35m (0.9ms)[0m  [1m[36mcommit transaction[0m
  [1m[35m (0.1ms)[0m  [1m[36mbegin transaction[0m
  [1m[36mHero Destroy (0.7ms)[0m  [1m[31mDELETE FROM "heros" WHERE "heros"."id" = ?[0m  [["id", 6]]
  [1m[35m (1.0ms)[0m  [1m[36mcommit transaction[0m
  [1m[35m (0.1ms)[0m  [1m[36mbegin transaction[0m
  [1m[36mHero Destroy (0.5ms)[0m  [1m[31mDELETE FROM "heros" WHERE "heros"."id" = ?[0m  [["id", 7]]
  [1m[35m (1.6ms)[0m  [1m[36mcommit transaction[0m
  [1m[35m (0.1ms)[0m  [1m[36mbegin transaction[0m
  [1m[36mHero Destroy (0.5ms)[0m  [1m[31mDELETE FROM "heros" WHERE "heros"."id" = ?[0m  [["id", 8]]
  [1m[35m (1.1ms)[0m  [1m[36mcommit transaction[0m
  [1m[35m (0.1ms)[0m  [1m[36mbegin transaction[0m
  [1m[36mHero Destroy (0.7ms)[0m  [1m[31mDELETE FROM "heros" WHERE "heros"."id" = ?[0m  [["id", 9]]
  [1m[35m (1.4ms)[0m  [1m[36mcommit transaction[0m
  [1m[35m (0.1ms)[0m  [1m[36mbegin transaction[0m
  [1m[36mHero Destroy (0.7ms)[0m  [1m[31mDELETE FROM "heros" WHERE "heros"."id" = ?[0m  [["id", 10]]
  [1m[35m (2.7ms)[0m  [1m[36mcommit transaction[0m
  [1m[35m (0.1ms)[0m  [1m[36mbegin transaction[0m
  [1m[36mHero Create (1.6ms)[0m  [1m[32mINSERT INTO "heros" ("name", "super_name", "created_at", "updated_at") VALUES (?, ?, ?, ?)[0m  [["name", "Kent Clark"], ["super_name", "Superman"], ["created_at", "2020-07-22 03:25:59.977765"], ["updated_at", "2020-07-22 03:25:59.977765"]]
  [1m[35m (3.0ms)[0m  [1m[36mcommit transaction[0m
  [1m[35m (0.1ms)[0m  [1m[36mbegin transaction[0m
  [1m[36mHero Create (0.5ms)[0m  [1m[32mINSERT INTO "heros" ("name", "super_name", "created_at", "updated_at") VALUES (?, ?, ?, ?)[0m  [["name", "Gal Gadot"], ["super_name", "Wonder Woman"], ["created_at", "2020-07-22 03:25:59.996440"], ["updated_at", "2020-07-22 03:25:59.996440"]]
  [1m[35m (1.0ms)[0m  [1m[36mcommit transaction[0m
  [1m[35m (0.2ms)[0m  [1m[36mbegin transaction[0m
  [1m[36mHero Create (0.7ms)[0m  [1m[32mINSERT INTO "heros" ("name", "super_name", "created_at", "updated_at") VALUES (?, ?, ?, ?)[0m  [["name", "Bruce Wayne"], ["super_name", "Batman"], ["created_at", "2020-07-22 03:26:00.004037"], ["updated_at", "2020-07-22 03:26:00.004037"]]
  [1m[35m (0.9ms)[0m  [1m[36mcommit transaction[0m
  [1m[35m (0.1ms)[0m  [1m[36mbegin transaction[0m
  [1m[36mHero Create (0.7ms)[0m  [1m[32mINSERT INTO "heros" ("name", "super_name", "created_at", "updated_at") VALUES (?, ?, ?, ?)[0m  [["name", "Peter Parker"], ["super_name", "Spider-Man"], ["created_at", "2020-07-22 03:26:00.016985"], ["updated_at", "2020-07-22 03:26:00.016985"]]
  [1m[35m (1.0ms)[0m  [1m[36mcommit transaction[0m
  [1m[35m (0.1ms)[0m  [1m[36mbegin transaction[0m
  [1m[36mHero Load (0.4ms)[0m  [1m[34mSELECT "heros".* FROM "heros" WHERE "heros"."id" = ? LIMIT ?[0m  [["id", 11], ["LIMIT", 1]]
  [1m[36mPower Create (0.9ms)[0m  [1m[32mINSERT INTO "powers" ("name", "description", "hero_id", "created_at", "updated_at") VALUES (?, ?, ?, ?, ?)[0m  [["name", "Flying"], ["description", "Able to Fly"], ["hero_id", 11], ["created_at", "2020-07-22 03:26:00.064422"], ["updated_at", "2020-07-22 03:26:00.064422"]]
  [1m[35m (10.4ms)[0m  [1m[36mcommit transaction[0m
  [1m[35m (0.1ms)[0m  [1m[36mbegin transaction[0m
  [1m[36mHero Load (0.3ms)[0m  [1m[34mSELECT "heros".* FROM "heros" WHERE "heros"."id" = ? LIMIT ?[0m  [["id", 12], ["LIMIT", 1]]
  [1m[36mPower Create (0.5ms)[0m  [1m[32mINSERT INTO "powers" ("name", "description", "hero_id", "created_at", "updated_at") VALUES (?, ?, ?, ?, ?)[0m  [["name", "Flying"], ["description", "Able to Fly"], ["hero_id", 12], ["created_at", "2020-07-22 03:26:00.089458"], ["updated_at", "2020-07-22 03:26:00.089458"]]
  [1m[35m (1.1ms)[0m  [1m[36mcommit transaction[0m
  [1m[35m (0.1ms)[0m  [1m[36mbegin transaction[0m
  [1m[36mHero Load (0.2ms)[0m  [1m[34mSELECT "heros".* FROM "heros" WHERE "heros"."id" = ? LIMIT ?[0m  [["id", 11], ["LIMIT", 1]]
  [1m[36mPower Create (0.5ms)[0m  [1m[32mINSERT INTO "powers" ("name", "description", "hero_id", "created_at", "updated_at") VALUES (?, ?, ?, ?, ?)[0m  [["name", "Night Vision"], ["description", "Able to see at night"], ["hero_id", 11], ["created_at", "2020-07-22 03:26:00.104969"], ["updated_at", "2020-07-22 03:26:00.104969"]]
  [1m[35m (1.1ms)[0m  [1m[36mcommit transaction[0m
  [1m[35m (0.1ms)[0m  [1m[36mbegin transaction[0m
  [1m[36mHero Load (0.2ms)[0m  [1m[34mSELECT "heros".* FROM "heros" WHERE "heros"."id" = ? LIMIT ?[0m  [["id", 13], ["LIMIT", 1]]
  [1m[36mPower Create (2.0ms)[0m  [1m[32mINSERT INTO "powers" ("name", "description", "hero_id", "created_at", "updated_at") VALUES (?, ?, ?, ?, ?)[0m  [["name", "Invisible"], ["description", "Able to be invisible"], ["hero_id", 13], ["created_at", "2020-07-22 03:26:00.122095"], ["updated_at", "2020-07-22 03:26:00.122095"]]
  [1m[35m (1.1ms)[0m  [1m[36mcommit transaction[0m
Started GET "/heros" for ::1 at 2020-07-21 21:26:18 -0600
  [1m[35m (3.4ms)[0m  [1m[34mSELECT sqlite_version(*)[0m
  [1m[35m (0.5ms)[0m  [1m[34mSELECT "schema_migrations"."version" FROM "schema_migrations" ORDER BY "schema_migrations"."version" ASC[0m
Processing by HerosController#index as */*
  [1m[36mHero Load (0.7ms)[0m  [1m[34mSELECT "heros".* FROM "heros"[0m
  ↳ app/controllers/heros_controller.rb:4:in `index'
  [1m[36mPower Load (1.6ms)[0m  [1m[34mSELECT "powers".* FROM "powers" WHERE "powers"."hero_id" = ?[0m  [["hero_id", 11]]
  ↳ app/controllers/heros_controller.rb:4:in `index'
  [1m[36mPower Load (0.2ms)[0m  [1m[34mSELECT "powers".* FROM "powers" WHERE "powers"."hero_id" = ?[0m  [["hero_id", 12]]
  ↳ app/controllers/heros_controller.rb:4:in `index'
  [1m[36mPower Load (0.2ms)[0m  [1m[34mSELECT "powers".* FROM "powers" WHERE "powers"."hero_id" = ?[0m  [["hero_id", 13]]
  ↳ app/controllers/heros_controller.rb:4:in `index'
  [1m[36mPower Load (0.2ms)[0m  [1m[34mSELECT "powers".* FROM "powers" WHERE "powers"."hero_id" = ?[0m  [["hero_id", 14]]
  ↳ app/controllers/heros_controller.rb:4:in `index'
Completed 200 OK in 200ms (Views: 154.1ms | ActiveRecord: 4.6ms | Allocations: 17662)


Started GET "/heros" for 127.0.0.1 at 2020-07-21 21:26:35 -0600
Processing by HerosController#index as */*
  Parameters: {"name"=>"sodifjosidjfoij", "age"=>"26", "hero"=>{"name"=>"sodifjosidjfoij"}}
  [1m[36mHero Load (0.7ms)[0m  [1m[34mSELECT "heros".* FROM "heros"[0m
  ↳ app/controllers/heros_controller.rb:4:in `index'
  [1m[36mPower Load (0.2ms)[0m  [1m[34mSELECT "powers".* FROM "powers" WHERE "powers"."hero_id" = ?[0m  [["hero_id", 11]]
  ↳ app/controllers/heros_controller.rb:4:in `index'
  [1m[36mPower Load (0.2ms)[0m  [1m[34mSELECT "powers".* FROM "powers" WHERE "powers"."hero_id" = ?[0m  [["hero_id", 12]]
  ↳ app/controllers/heros_controller.rb:4:in `index'
  [1m[36mPower Load (0.2ms)[0m  [1m[34mSELECT "powers".* FROM "powers" WHERE "powers"."hero_id" = ?[0m  [["hero_id", 13]]
  ↳ app/controllers/heros_controller.rb:4:in `index'
  [1m[36mPower Load (0.2ms)[0m  [1m[34mSELECT "powers".* FROM "powers" WHERE "powers"."hero_id" = ?[0m  [["hero_id", 14]]
  ↳ app/controllers/heros_controller.rb:4:in `index'
Completed 200 OK in 30ms (Views: 25.9ms | ActiveRecord: 1.4ms | Allocations: 5774)


Started GET "/heros/11" for ::1 at 2020-07-21 21:27:04 -0600
Processing by HerosController#show as */*
  Parameters: {"name"=>"sodifjosidjfoij", "age"=>"26", "id"=>"11", "hero"=>{"name"=>"sodifjosidjfoij"}}
  [1m[36mHero Load (0.7ms)[0m  [1m[34mSELECT "heros".* FROM "heros" WHERE "heros"."id" = ? LIMIT ?[0m  [["id", 11], ["LIMIT", 1]]
  ↳ app/controllers/heros_controller.rb:8:in `show'
  [1m[36mPower Load (0.3ms)[0m  [1m[34mSELECT "powers".* FROM "powers" WHERE "powers"."hero_id" = ?[0m  [["hero_id", 11]]
  ↳ app/controllers/heros_controller.rb:9:in `show'
Completed 200 OK in 15ms (Views: 8.5ms | ActiveRecord: 1.0ms | Allocations: 2081)


